1640792588.737343 client started (173868): version 3.0a, socket /tmp//tmux-1000/default, protocol 8
1640792588.737429 on Linux 5.11.0-43-generic #47~20.04.2-Ubuntu SMP Mon Dec 13 11:06:56 UTC 2021; libevent 2.1.11-stable (poll)
1640792588.737488 socket is /tmp//tmux-1000/default
1640792588.737516 trying connect
1640792588.737660 add peer 0x558179a4c690: 6 ((nil))
1640792588.737844 sending message 100 to peer 0x558179a4c690 (4 bytes)
1640792588.737866 sending message 101 to peer 0x558179a4c690 (16 bytes)
1640792588.737877 sending message 102 to peer 0x558179a4c690 (11 bytes)
1640792588.737888 sending message 108 to peer 0x558179a4c690 (48 bytes)
1640792588.737900 sending message 104 to peer 0x558179a4c690 (0 bytes)
1640792588.737912 sending message 107 to peer 0x558179a4c690 (4 bytes)
1640792588.737923 sending message 105 to peer 0x558179a4c690 (16 bytes)
1640792588.737934 sending message 105 to peer 0x558179a4c690 (76 bytes)
1640792588.737945 sending message 105 to peer 0x558179a4c690 (19 bytes)
1640792588.737956 sending message 105 to peer 0x558179a4c690 (20 bytes)
1640792588.737966 sending message 105 to peer 0x558179a4c690 (17 bytes)
1640792588.737992 sending message 105 to peer 0x558179a4c690 (47 bytes)
1640792588.738008 sending message 105 to peer 0x558179a4c690 (58 bytes)
1640792588.738019 sending message 105 to peer 0x558179a4c690 (23 bytes)
1640792588.738029 sending message 105 to peer 0x558179a4c690 (44 bytes)
1640792588.738040 sending message 105 to peer 0x558179a4c690 (36 bytes)
1640792588.738051 sending message 105 to peer 0x558179a4c690 (12 bytes)
1640792588.738061 sending message 105 to peer 0x558179a4c690 (23 bytes)
1640792588.738072 sending message 105 to peer 0x558179a4c690 (44 bytes)
1640792588.738082 sending message 105 to peer 0x558179a4c690 (20 bytes)
1640792588.738093 sending message 105 to peer 0x558179a4c690 (41 bytes)
1640792588.738104 sending message 105 to peer 0x558179a4c690 (23 bytes)
1640792588.738114 sending message 105 to peer 0x558179a4c690 (20 bytes)
1640792588.738124 sending message 105 to peer 0x558179a4c690 (25 bytes)
1640792588.738135 sending message 105 to peer 0x558179a4c690 (24 bytes)
1640792588.738145 sending message 105 to peer 0x558179a4c690 (19 bytes)
1640792588.738156 sending message 105 to peer 0x558179a4c690 (35 bytes)
1640792588.738166 sending message 105 to peer 0x558179a4c690 (12 bytes)
1640792588.738177 sending message 105 to peer 0x558179a4c690 (28 bytes)
1640792588.738187 sending message 105 to peer 0x558179a4c690 (52 bytes)
1640792588.738198 sending message 105 to peer 0x558179a4c690 (24 bytes)
1640792588.738208 sending message 105 to peer 0x558179a4c690 (40 bytes)
1640792588.738219 sending message 105 to peer 0x558179a4c690 (29 bytes)
1640792588.738229 sending message 105 to peer 0x558179a4c690 (16 bytes)
1640792588.738240 sending message 105 to peer 0x558179a4c690 (26 bytes)
1640792588.738250 sending message 105 to peer 0x558179a4c690 (21 bytes)
1640792588.738261 sending message 105 to peer 0x558179a4c690 (52 bytes)
1640792588.738271 sending message 105 to peer 0x558179a4c690 (37 bytes)
1640792588.738282 sending message 105 to peer 0x558179a4c690 (78 bytes)
1640792588.738293 sending message 105 to peer 0x558179a4c690 (51 bytes)
1640792588.738304 sending message 105 to peer 0x558179a4c690 (26 bytes)
1640792588.738314 sending message 105 to peer 0x558179a4c690 (12 bytes)
1640792588.738324 sending message 105 to peer 0x558179a4c690 (19 bytes)
1640792588.738335 sending message 105 to peer 0x558179a4c690 (21 bytes)
1640792588.738346 sending message 105 to peer 0x558179a4c690 (17 bytes)
1640792588.738357 sending message 105 to peer 0x558179a4c690 (1506 bytes)
1640792588.738372 sending message 105 to peer 0x558179a4c690 (29 bytes)
1640792588.738383 sending message 105 to peer 0x558179a4c690 (17 bytes)
1640792588.738393 sending message 105 to peer 0x558179a4c690 (52 bytes)
1640792588.738404 sending message 105 to peer 0x558179a4c690 (104 bytes)
1640792588.738415 sending message 105 to peer 0x558179a4c690 (34 bytes)
1640792588.738425 sending message 105 to peer 0x558179a4c690 (23 bytes)
1640792588.738451 sending message 105 to peer 0x558179a4c690 (40 bytes)
1640792588.738497 sending message 105 to peer 0x558179a4c690 (90 bytes)
1640792588.738509 sending message 105 to peer 0x558179a4c690 (21 bytes)
1640792588.738519 sending message 105 to peer 0x558179a4c690 (30 bytes)
1640792588.738529 sending message 105 to peer 0x558179a4c690 (32 bytes)
1640792588.738540 sending message 105 to peer 0x558179a4c690 (13 bytes)
1640792588.738551 sending message 105 to peer 0x558179a4c690 (13 bytes)
1640792588.738561 sending message 105 to peer 0x558179a4c690 (11 bytes)
1640792588.738572 sending message 105 to peer 0x558179a4c690 (8 bytes)
1640792588.738582 sending message 105 to peer 0x558179a4c690 (25 bytes)
1640792588.738592 sending message 105 to peer 0x558179a4c690 (18 bytes)
1640792588.738603 sending message 105 to peer 0x558179a4c690 (27 bytes)
1640792588.738614 sending message 105 to peer 0x558179a4c690 (13 bytes)
1640792588.738624 sending message 105 to peer 0x558179a4c690 (31 bytes)
1640792588.738634 sending message 105 to peer 0x558179a4c690 (31 bytes)
1640792588.738645 sending message 105 to peer 0x558179a4c690 (59 bytes)
1640792588.738655 sending message 105 to peer 0x558179a4c690 (20 bytes)
1640792588.738666 sending message 105 to peer 0x558179a4c690 (182 bytes)
1640792588.738677 sending message 105 to peer 0x558179a4c690 (1018 bytes)
1640792588.738691 sending message 105 to peer 0x558179a4c690 (20 bytes)
1640792588.738701 sending message 105 to peer 0x558179a4c690 (54 bytes)
1640792588.738712 sending message 105 to peer 0x558179a4c690 (35 bytes)
1640792588.738722 sending message 105 to peer 0x558179a4c690 (81 bytes)
1640792588.738733 sending message 105 to peer 0x558179a4c690 (23 bytes)
1640792588.738743 sending message 105 to peer 0x558179a4c690 (49 bytes)
1640792588.738754 sending message 105 to peer 0x558179a4c690 (16 bytes)
1640792588.738764 sending message 106 to peer 0x558179a4c690 (0 bytes)
1640792588.738776 sending message 200 to peer 0x558179a4c690 (4 bytes)
1640792588.738786 client loop enter
1640792588.739658 peer 0x558179a4c690 message 211
1640792588.739691 client_write: sessions should be nested with care, unset $TMUX to force\n
1640792588.739725 peer 0x558179a4c690 message 203
1640792588.739745 client loop exit
